--------------------------------------------------------------------------------
Release 14.7 Trace  (nt)
Copyright (c) 1995-2013 Xilinx, Inc.  All rights reserved.

C:\Xilinx\14.7\ISE_DS\ISE\bin\nt\unwrapped\trce.exe -intstyle ise -v 3 -s 4 -n
3 -fastpaths -xml rec_fifo_schemat.twx rec_fifo_schemat.ncd -o
rec_fifo_schemat.twr rec_fifo_schemat.pcf -ucf GenIO.ucf

Design file:              rec_fifo_schemat.ncd
Physical constraint file: rec_fifo_schemat.pcf
Device,package,speed:     xc3s500e,fg320,-4 (PRODUCTION 1.27 2013-10-13)
Report level:             verbose report

Environment Variable      Effect 
--------------------      ------ 
NONE                      No environment variables were set
--------------------------------------------------------------------------------

INFO:Timing:3412 - To improve timing, see the Timing Closure User Guide (UG612).
INFO:Timing:2752 - To get complete path coverage, use the unconstrained paths 
   option. All paths that are not constrained will be reported in the 
   unconstrained paths section(s) of the report.
INFO:Timing:3339 - The clock-to-out numbers in this timing report are based on 
   a 50 Ohm transmission line loading model.  For the details of this model, 
   and for more information on accounting for different loading conditions, 
   please see the device datasheet.
INFO:Timing:3390 - This architecture does not support a default System Jitter 
   value, please add SYSTEM_JITTER constraint to the UCF to modify the Clock 
   Uncertainty calculation.
INFO:Timing:3389 - This architecture does not support 'Discrete Jitter' and 
   'Phase Error' calculations, these terms will be zero in the Clock 
   Uncertainty calculation.  Please make appropriate modification to 
   SYSTEM_JITTER to account for the unsupported Discrete Jitter and Phase 
   Error.

================================================================================
Timing constraint: NET "Zegar_BUFGP/IBUFG" PERIOD = 20 ns HIGH 50%;
For more information, see Period Analysis in the Timing Closure User Guide (UG612).

 2926 paths analyzed, 376 endpoints analyzed, 0 failing endpoints
 0 timing errors detected. (0 setup errors, 0 hold errors, 0 component switching limit errors)
 Minimum period is   8.535ns.
--------------------------------------------------------------------------------

Paths for end point XLXI_2/fifo_5_7 (SLICE_X30Y57.CE), 18 paths
--------------------------------------------------------------------------------
Slack (setup path):     11.465ns (requirement - (data path - clock path skew + uncertainty))
  Source:               XLXI_2/licznik_3 (FF)
  Destination:          XLXI_2/fifo_5_7 (FF)
  Requirement:          20.000ns
  Data Path Delay:      8.535ns (Levels of Logic = 3)
  Clock Path Skew:      0.000ns
  Source Clock:         Zegar_BUFGP rising at 0.000ns
  Destination Clock:    Zegar_BUFGP rising at 20.000ns
  Clock Uncertainty:    0.000ns

  Maximum Data Path: XLXI_2/licznik_3 to XLXI_2/fifo_5_7
    Location             Delay type         Delay(ns)  Physical Resource
                                                       Logical Resource(s)
    -------------------------------------------------  -------------------
    SLICE_X34Y31.XQ      Tcko                  0.592   XLXI_2/licznik<3>
                                                       XLXI_2/licznik_3
    SLICE_X34Y29.F1      net (fanout=5)        1.107   XLXI_2/licznik<3>
    SLICE_X34Y29.X       Tilo                  0.759   XLXI_2/state_cmp_ge000124
                                                       XLXI_2/state_cmp_ge000124
    SLICE_X35Y28.F4      net (fanout=1)        0.343   XLXI_2/state_cmp_ge000124
    SLICE_X35Y28.X       Tilo                  0.704   XLXI_2/state_cmp_ge0001
                                                       XLXI_2/state_cmp_ge0001220
    SLICE_X36Y54.G2      net (fanout=33)       1.743   XLXI_2/state_cmp_ge0001
    SLICE_X36Y54.Y       Tilo                  0.759   XLXI_2/fifo_1_and0000
                                                       XLXI_2/fifo_5_and00001
    SLICE_X30Y57.CE      net (fanout=4)        1.973   XLXI_2/fifo_5_and0000
    SLICE_X30Y57.CLK     Tceck                 0.555   XLXI_2/fifo_5_7
                                                       XLXI_2/fifo_5_7
    -------------------------------------------------  ---------------------------
    Total                                      8.535ns (3.369ns logic, 5.166ns route)
                                                       (39.5% logic, 60.5% route)

--------------------------------------------------------------------------------
Slack (setup path):     11.743ns (requirement - (data path - clock path skew + uncertainty))
  Source:               XLXI_2/licznik_8 (FF)
  Destination:          XLXI_2/fifo_5_7 (FF)
  Requirement:          20.000ns
  Data Path Delay:      8.257ns (Levels of Logic = 3)
  Clock Path Skew:      0.000ns
  Source Clock:         Zegar_BUFGP rising at 0.000ns
  Destination Clock:    Zegar_BUFGP rising at 20.000ns
  Clock Uncertainty:    0.000ns

  Maximum Data Path: XLXI_2/licznik_8 to XLXI_2/fifo_5_7
    Location             Delay type         Delay(ns)  Physical Resource
                                                       Logical Resource(s)
    -------------------------------------------------  -------------------
    SLICE_X34Y33.YQ      Tcko                  0.652   XLXI_2/licznik<8>
                                                       XLXI_2/licznik_8
    SLICE_X34Y33.F1      net (fanout=5)        0.704   XLXI_2/licznik<8>
    SLICE_X34Y33.X       Tilo                  0.759   XLXI_2/licznik<8>
                                                       XLXI_2/state_cmp_ge0001217
    SLICE_X35Y28.F1      net (fanout=1)        0.408   XLXI_2/state_cmp_ge0001217
    SLICE_X35Y28.X       Tilo                  0.704   XLXI_2/state_cmp_ge0001
                                                       XLXI_2/state_cmp_ge0001220
    SLICE_X36Y54.G2      net (fanout=33)       1.743   XLXI_2/state_cmp_ge0001
    SLICE_X36Y54.Y       Tilo                  0.759   XLXI_2/fifo_1_and0000
                                                       XLXI_2/fifo_5_and00001
    SLICE_X30Y57.CE      net (fanout=4)        1.973   XLXI_2/fifo_5_and0000
    SLICE_X30Y57.CLK     Tceck                 0.555   XLXI_2/fifo_5_7
                                                       XLXI_2/fifo_5_7
    -------------------------------------------------  ---------------------------
    Total                                      8.257ns (3.429ns logic, 4.828ns route)
                                                       (41.5% logic, 58.5% route)

--------------------------------------------------------------------------------
Slack (setup path):     11.890ns (requirement - (data path - clock path skew + uncertainty))
  Source:               XLXI_2/licznik_7 (FF)
  Destination:          XLXI_2/fifo_5_7 (FF)
  Requirement:          20.000ns
  Data Path Delay:      8.110ns (Levels of Logic = 3)
  Clock Path Skew:      0.000ns
  Source Clock:         Zegar_BUFGP rising at 0.000ns
  Destination Clock:    Zegar_BUFGP rising at 20.000ns
  Clock Uncertainty:    0.000ns

  Maximum Data Path: XLXI_2/licznik_7 to XLXI_2/fifo_5_7
    Location             Delay type         Delay(ns)  Physical Resource
                                                       Logical Resource(s)
    -------------------------------------------------  -------------------
    SLICE_X34Y32.XQ      Tcko                  0.592   XLXI_2/licznik<7>
                                                       XLXI_2/licznik_7
    SLICE_X34Y33.F4      net (fanout=5)        0.617   XLXI_2/licznik<7>
    SLICE_X34Y33.X       Tilo                  0.759   XLXI_2/licznik<8>
                                                       XLXI_2/state_cmp_ge0001217
    SLICE_X35Y28.F1      net (fanout=1)        0.408   XLXI_2/state_cmp_ge0001217
    SLICE_X35Y28.X       Tilo                  0.704   XLXI_2/state_cmp_ge0001
                                                       XLXI_2/state_cmp_ge0001220
    SLICE_X36Y54.G2      net (fanout=33)       1.743   XLXI_2/state_cmp_ge0001
    SLICE_X36Y54.Y       Tilo                  0.759   XLXI_2/fifo_1_and0000
                                                       XLXI_2/fifo_5_and00001
    SLICE_X30Y57.CE      net (fanout=4)        1.973   XLXI_2/fifo_5_and0000
    SLICE_X30Y57.CLK     Tceck                 0.555   XLXI_2/fifo_5_7
                                                       XLXI_2/fifo_5_7
    -------------------------------------------------  ---------------------------
    Total                                      8.110ns (3.369ns logic, 4.741ns route)
                                                       (41.5% logic, 58.5% route)

--------------------------------------------------------------------------------

Paths for end point XLXI_2/fifo_5_6 (SLICE_X30Y57.CE), 18 paths
--------------------------------------------------------------------------------
Slack (setup path):     11.465ns (requirement - (data path - clock path skew + uncertainty))
  Source:               XLXI_2/licznik_3 (FF)
  Destination:          XLXI_2/fifo_5_6 (FF)
  Requirement:          20.000ns
  Data Path Delay:      8.535ns (Levels of Logic = 3)
  Clock Path Skew:      0.000ns
  Source Clock:         Zegar_BUFGP rising at 0.000ns
  Destination Clock:    Zegar_BUFGP rising at 20.000ns
  Clock Uncertainty:    0.000ns

  Maximum Data Path: XLXI_2/licznik_3 to XLXI_2/fifo_5_6
    Location             Delay type         Delay(ns)  Physical Resource
                                                       Logical Resource(s)
    -------------------------------------------------  -------------------
    SLICE_X34Y31.XQ      Tcko                  0.592   XLXI_2/licznik<3>
                                                       XLXI_2/licznik_3
    SLICE_X34Y29.F1      net (fanout=5)        1.107   XLXI_2/licznik<3>
    SLICE_X34Y29.X       Tilo                  0.759   XLXI_2/state_cmp_ge000124
                                                       XLXI_2/state_cmp_ge000124
    SLICE_X35Y28.F4      net (fanout=1)        0.343   XLXI_2/state_cmp_ge000124
    SLICE_X35Y28.X       Tilo                  0.704   XLXI_2/state_cmp_ge0001
                                                       XLXI_2/state_cmp_ge0001220
    SLICE_X36Y54.G2      net (fanout=33)       1.743   XLXI_2/state_cmp_ge0001
    SLICE_X36Y54.Y       Tilo                  0.759   XLXI_2/fifo_1_and0000
                                                       XLXI_2/fifo_5_and00001
    SLICE_X30Y57.CE      net (fanout=4)        1.973   XLXI_2/fifo_5_and0000
    SLICE_X30Y57.CLK     Tceck                 0.555   XLXI_2/fifo_5_7
                                                       XLXI_2/fifo_5_6
    -------------------------------------------------  ---------------------------
    Total                                      8.535ns (3.369ns logic, 5.166ns route)
                                                       (39.5% logic, 60.5% route)

--------------------------------------------------------------------------------
Slack (setup path):     11.743ns (requirement - (data path - clock path skew + uncertainty))
  Source:               XLXI_2/licznik_8 (FF)
  Destination:          XLXI_2/fifo_5_6 (FF)
  Requirement:          20.000ns
  Data Path Delay:      8.257ns (Levels of Logic = 3)
  Clock Path Skew:      0.000ns
  Source Clock:         Zegar_BUFGP rising at 0.000ns
  Destination Clock:    Zegar_BUFGP rising at 20.000ns
  Clock Uncertainty:    0.000ns

  Maximum Data Path: XLXI_2/licznik_8 to XLXI_2/fifo_5_6
    Location             Delay type         Delay(ns)  Physical Resource
                                                       Logical Resource(s)
    -------------------------------------------------  -------------------
    SLICE_X34Y33.YQ      Tcko                  0.652   XLXI_2/licznik<8>
                                                       XLXI_2/licznik_8
    SLICE_X34Y33.F1      net (fanout=5)        0.704   XLXI_2/licznik<8>
    SLICE_X34Y33.X       Tilo                  0.759   XLXI_2/licznik<8>
                                                       XLXI_2/state_cmp_ge0001217
    SLICE_X35Y28.F1      net (fanout=1)        0.408   XLXI_2/state_cmp_ge0001217
    SLICE_X35Y28.X       Tilo                  0.704   XLXI_2/state_cmp_ge0001
                                                       XLXI_2/state_cmp_ge0001220
    SLICE_X36Y54.G2      net (fanout=33)       1.743   XLXI_2/state_cmp_ge0001
    SLICE_X36Y54.Y       Tilo                  0.759   XLXI_2/fifo_1_and0000
                                                       XLXI_2/fifo_5_and00001
    SLICE_X30Y57.CE      net (fanout=4)        1.973   XLXI_2/fifo_5_and0000
    SLICE_X30Y57.CLK     Tceck                 0.555   XLXI_2/fifo_5_7
                                                       XLXI_2/fifo_5_6
    -------------------------------------------------  ---------------------------
    Total                                      8.257ns (3.429ns logic, 4.828ns route)
                                                       (41.5% logic, 58.5% route)

--------------------------------------------------------------------------------
Slack (setup path):     11.890ns (requirement - (data path - clock path skew + uncertainty))
  Source:               XLXI_2/licznik_7 (FF)
  Destination:          XLXI_2/fifo_5_6 (FF)
  Requirement:          20.000ns
  Data Path Delay:      8.110ns (Levels of Logic = 3)
  Clock Path Skew:      0.000ns
  Source Clock:         Zegar_BUFGP rising at 0.000ns
  Destination Clock:    Zegar_BUFGP rising at 20.000ns
  Clock Uncertainty:    0.000ns

  Maximum Data Path: XLXI_2/licznik_7 to XLXI_2/fifo_5_6
    Location             Delay type         Delay(ns)  Physical Resource
                                                       Logical Resource(s)
    -------------------------------------------------  -------------------
    SLICE_X34Y32.XQ      Tcko                  0.592   XLXI_2/licznik<7>
                                                       XLXI_2/licznik_7
    SLICE_X34Y33.F4      net (fanout=5)        0.617   XLXI_2/licznik<7>
    SLICE_X34Y33.X       Tilo                  0.759   XLXI_2/licznik<8>
                                                       XLXI_2/state_cmp_ge0001217
    SLICE_X35Y28.F1      net (fanout=1)        0.408   XLXI_2/state_cmp_ge0001217
    SLICE_X35Y28.X       Tilo                  0.704   XLXI_2/state_cmp_ge0001
                                                       XLXI_2/state_cmp_ge0001220
    SLICE_X36Y54.G2      net (fanout=33)       1.743   XLXI_2/state_cmp_ge0001
    SLICE_X36Y54.Y       Tilo                  0.759   XLXI_2/fifo_1_and0000
                                                       XLXI_2/fifo_5_and00001
    SLICE_X30Y57.CE      net (fanout=4)        1.973   XLXI_2/fifo_5_and0000
    SLICE_X30Y57.CLK     Tceck                 0.555   XLXI_2/fifo_5_7
                                                       XLXI_2/fifo_5_6
    -------------------------------------------------  ---------------------------
    Total                                      8.110ns (3.369ns logic, 4.741ns route)
                                                       (41.5% logic, 58.5% route)

--------------------------------------------------------------------------------

Paths for end point XLXI_2/fifo_cnt_3 (SLICE_X25Y57.F2), 15 paths
--------------------------------------------------------------------------------
Slack (setup path):     11.473ns (requirement - (data path - clock path skew + uncertainty))
  Source:               XLXI_2/licznik_3 (FF)
  Destination:          XLXI_2/fifo_cnt_3 (FF)
  Requirement:          20.000ns
  Data Path Delay:      8.519ns (Levels of Logic = 4)
  Clock Path Skew:      -0.008ns (0.100 - 0.108)
  Source Clock:         Zegar_BUFGP rising at 0.000ns
  Destination Clock:    Zegar_BUFGP rising at 20.000ns
  Clock Uncertainty:    0.000ns

  Maximum Data Path: XLXI_2/licznik_3 to XLXI_2/fifo_cnt_3
    Location             Delay type         Delay(ns)  Physical Resource
                                                       Logical Resource(s)
    -------------------------------------------------  -------------------
    SLICE_X34Y31.XQ      Tcko                  0.592   XLXI_2/licznik<3>
                                                       XLXI_2/licznik_3
    SLICE_X34Y29.F1      net (fanout=5)        1.107   XLXI_2/licznik<3>
    SLICE_X34Y29.X       Tilo                  0.759   XLXI_2/state_cmp_ge000124
                                                       XLXI_2/state_cmp_ge000124
    SLICE_X35Y28.F4      net (fanout=1)        0.343   XLXI_2/state_cmp_ge000124
    SLICE_X35Y28.X       Tilo                  0.704   XLXI_2/state_cmp_ge0001
                                                       XLXI_2/state_cmp_ge0001220
    SLICE_X32Y47.F2      net (fanout=33)       1.848   XLXI_2/state_cmp_ge0001
    SLICE_X32Y47.X       Tilo                  0.759   XLXI_2/index<1>
                                                       XLXI_2/fifo_cnt_mux0000<3>16_SW0
    SLICE_X25Y57.F2      net (fanout=1)        1.570   N106
    SLICE_X25Y57.CLK     Tfck                  0.837   XLXI_2/fifo_cnt<3>
                                                       XLXI_2/fifo_cnt_mux0000<3>80
                                                       XLXI_2/fifo_cnt_3
    -------------------------------------------------  ---------------------------
    Total                                      8.519ns (3.651ns logic, 4.868ns route)
                                                       (42.9% logic, 57.1% route)

--------------------------------------------------------------------------------
Slack (setup path):     11.748ns (requirement - (data path - clock path skew + uncertainty))
  Source:               XLXI_2/licznik_8 (FF)
  Destination:          XLXI_2/fifo_cnt_3 (FF)
  Requirement:          20.000ns
  Data Path Delay:      8.241ns (Levels of Logic = 4)
  Clock Path Skew:      -0.011ns (0.100 - 0.111)
  Source Clock:         Zegar_BUFGP rising at 0.000ns
  Destination Clock:    Zegar_BUFGP rising at 20.000ns
  Clock Uncertainty:    0.000ns

  Maximum Data Path: XLXI_2/licznik_8 to XLXI_2/fifo_cnt_3
    Location             Delay type         Delay(ns)  Physical Resource
                                                       Logical Resource(s)
    -------------------------------------------------  -------------------
    SLICE_X34Y33.YQ      Tcko                  0.652   XLXI_2/licznik<8>
                                                       XLXI_2/licznik_8
    SLICE_X34Y33.F1      net (fanout=5)        0.704   XLXI_2/licznik<8>
    SLICE_X34Y33.X       Tilo                  0.759   XLXI_2/licznik<8>
                                                       XLXI_2/state_cmp_ge0001217
    SLICE_X35Y28.F1      net (fanout=1)        0.408   XLXI_2/state_cmp_ge0001217
    SLICE_X35Y28.X       Tilo                  0.704   XLXI_2/state_cmp_ge0001
                                                       XLXI_2/state_cmp_ge0001220
    SLICE_X32Y47.F2      net (fanout=33)       1.848   XLXI_2/state_cmp_ge0001
    SLICE_X32Y47.X       Tilo                  0.759   XLXI_2/index<1>
                                                       XLXI_2/fifo_cnt_mux0000<3>16_SW0
    SLICE_X25Y57.F2      net (fanout=1)        1.570   N106
    SLICE_X25Y57.CLK     Tfck                  0.837   XLXI_2/fifo_cnt<3>
                                                       XLXI_2/fifo_cnt_mux0000<3>80
                                                       XLXI_2/fifo_cnt_3
    -------------------------------------------------  ---------------------------
    Total                                      8.241ns (3.711ns logic, 4.530ns route)
                                                       (45.0% logic, 55.0% route)

--------------------------------------------------------------------------------
Slack (setup path):     11.895ns (requirement - (data path - clock path skew + uncertainty))
  Source:               XLXI_2/licznik_7 (FF)
  Destination:          XLXI_2/fifo_cnt_3 (FF)
  Requirement:          20.000ns
  Data Path Delay:      8.094ns (Levels of Logic = 4)
  Clock Path Skew:      -0.011ns (0.100 - 0.111)
  Source Clock:         Zegar_BUFGP rising at 0.000ns
  Destination Clock:    Zegar_BUFGP rising at 20.000ns
  Clock Uncertainty:    0.000ns

  Maximum Data Path: XLXI_2/licznik_7 to XLXI_2/fifo_cnt_3
    Location             Delay type         Delay(ns)  Physical Resource
                                                       Logical Resource(s)
    -------------------------------------------------  -------------------
    SLICE_X34Y32.XQ      Tcko                  0.592   XLXI_2/licznik<7>
                                                       XLXI_2/licznik_7
    SLICE_X34Y33.F4      net (fanout=5)        0.617   XLXI_2/licznik<7>
    SLICE_X34Y33.X       Tilo                  0.759   XLXI_2/licznik<8>
                                                       XLXI_2/state_cmp_ge0001217
    SLICE_X35Y28.F1      net (fanout=1)        0.408   XLXI_2/state_cmp_ge0001217
    SLICE_X35Y28.X       Tilo                  0.704   XLXI_2/state_cmp_ge0001
                                                       XLXI_2/state_cmp_ge0001220
    SLICE_X32Y47.F2      net (fanout=33)       1.848   XLXI_2/state_cmp_ge0001
    SLICE_X32Y47.X       Tilo                  0.759   XLXI_2/index<1>
                                                       XLXI_2/fifo_cnt_mux0000<3>16_SW0
    SLICE_X25Y57.F2      net (fanout=1)        1.570   N106
    SLICE_X25Y57.CLK     Tfck                  0.837   XLXI_2/fifo_cnt<3>
                                                       XLXI_2/fifo_cnt_mux0000<3>80
                                                       XLXI_2/fifo_cnt_3
    -------------------------------------------------  ---------------------------
    Total                                      8.094ns (3.651ns logic, 4.443ns route)
                                                       (45.1% logic, 54.9% route)

--------------------------------------------------------------------------------

Hold Paths: NET "Zegar_BUFGP/IBUFG" PERIOD = 20 ns HIGH 50%;
--------------------------------------------------------------------------------

Paths for end point XLXI_2/fifo_0_5 (SLICE_X36Y53.BX), 1 path
--------------------------------------------------------------------------------
Slack (hold path):      1.201ns (requirement - (clock path skew + uncertainty - data path))
  Source:               XLXI_2/bufor_5 (FF)
  Destination:          XLXI_2/fifo_0_5 (FF)
  Requirement:          0.000ns
  Data Path Delay:      1.195ns (Levels of Logic = 0)
  Clock Path Skew:      -0.006ns (0.051 - 0.057)
  Source Clock:         Zegar_BUFGP rising at 20.000ns
  Destination Clock:    Zegar_BUFGP rising at 20.000ns
  Clock Uncertainty:    0.000ns

  Minimum Data Path: XLXI_2/bufor_5 to XLXI_2/fifo_0_5
    Location             Delay type         Delay(ns)  Physical Resource
                                                       Logical Resource(s)
    -------------------------------------------------  -------------------
    SLICE_X35Y47.YQ      Tcko                  0.470   XLXI_2/bufor<5>
                                                       XLXI_2/bufor_5
    SLICE_X36Y53.BX      net (fanout=10)       0.591   XLXI_2/bufor<5>
    SLICE_X36Y53.CLK     Tckdi       (-Th)    -0.134   XLXI_2/fifo_0_5
                                                       XLXI_2/fifo_0_5
    -------------------------------------------------  ---------------------------
    Total                                      1.195ns (0.604ns logic, 0.591ns route)
                                                       (50.5% logic, 49.5% route)

--------------------------------------------------------------------------------

Paths for end point XLXI_2/fifo_3_5 (SLICE_X36Y52.BX), 1 path
--------------------------------------------------------------------------------
Slack (hold path):      1.201ns (requirement - (clock path skew + uncertainty - data path))
  Source:               XLXI_2/bufor_5 (FF)
  Destination:          XLXI_2/fifo_3_5 (FF)
  Requirement:          0.000ns
  Data Path Delay:      1.195ns (Levels of Logic = 0)
  Clock Path Skew:      -0.006ns (0.051 - 0.057)
  Source Clock:         Zegar_BUFGP rising at 20.000ns
  Destination Clock:    Zegar_BUFGP rising at 20.000ns
  Clock Uncertainty:    0.000ns

  Minimum Data Path: XLXI_2/bufor_5 to XLXI_2/fifo_3_5
    Location             Delay type         Delay(ns)  Physical Resource
                                                       Logical Resource(s)
    -------------------------------------------------  -------------------
    SLICE_X35Y47.YQ      Tcko                  0.470   XLXI_2/bufor<5>
                                                       XLXI_2/bufor_5
    SLICE_X36Y52.BX      net (fanout=10)       0.591   XLXI_2/bufor<5>
    SLICE_X36Y52.CLK     Tckdi       (-Th)    -0.134   XLXI_2/fifo_3_5
                                                       XLXI_2/fifo_3_5
    -------------------------------------------------  ---------------------------
    Total                                      1.195ns (0.604ns logic, 0.591ns route)
                                                       (50.5% logic, 49.5% route)

--------------------------------------------------------------------------------

Paths for end point XLXI_2/fifo_0_4 (SLICE_X36Y53.BY), 1 path
--------------------------------------------------------------------------------
Slack (hold path):      1.271ns (requirement - (clock path skew + uncertainty - data path))
  Source:               XLXI_2/bufor_4 (FF)
  Destination:          XLXI_2/fifo_0_4 (FF)
  Requirement:          0.000ns
  Data Path Delay:      1.265ns (Levels of Logic = 0)
  Clock Path Skew:      -0.006ns (0.051 - 0.057)
  Source Clock:         Zegar_BUFGP rising at 20.000ns
  Destination Clock:    Zegar_BUFGP rising at 20.000ns
  Clock Uncertainty:    0.000ns

  Minimum Data Path: XLXI_2/bufor_4 to XLXI_2/fifo_0_4
    Location             Delay type         Delay(ns)  Physical Resource
                                                       Logical Resource(s)
    -------------------------------------------------  -------------------
    SLICE_X34Y46.YQ      Tcko                  0.522   XLXI_2/bufor<4>
                                                       XLXI_2/bufor_4
    SLICE_X36Y53.BY      net (fanout=10)       0.591   XLXI_2/bufor<4>
    SLICE_X36Y53.CLK     Tckdi       (-Th)    -0.152   XLXI_2/fifo_0_5
                                                       XLXI_2/fifo_0_4
    -------------------------------------------------  ---------------------------
    Total                                      1.265ns (0.674ns logic, 0.591ns route)
                                                       (53.3% logic, 46.7% route)

--------------------------------------------------------------------------------

Component Switching Limit Checks: NET "Zegar_BUFGP/IBUFG" PERIOD = 20 ns HIGH 50%;
--------------------------------------------------------------------------------
Slack: 18.348ns (period - (min low pulse limit / (low pulse / period)))
  Period: 20.000ns
  Low pulse: 10.000ns
  Low pulse limit: 0.826ns (Tcl)
  Physical resource: XLXI_3/licznik<7>/CLK
  Logical resource: XLXI_3/licznik_7/CK
  Location pin: SLICE_X64Y55.CLK
  Clock network: Zegar_BUFGP
--------------------------------------------------------------------------------
Slack: 18.348ns (period - (min high pulse limit / (high pulse / period)))
  Period: 20.000ns
  High pulse: 10.000ns
  High pulse limit: 0.826ns (Tch)
  Physical resource: XLXI_3/licznik<7>/CLK
  Logical resource: XLXI_3/licznik_7/CK
  Location pin: SLICE_X64Y55.CLK
  Clock network: Zegar_BUFGP
--------------------------------------------------------------------------------
Slack: 18.348ns (period - min period limit)
  Period: 20.000ns
  Min period limit: 1.652ns (605.327MHz) (Tcp)
  Physical resource: XLXI_3/licznik<7>/CLK
  Logical resource: XLXI_3/licznik_7/CK
  Location pin: SLICE_X64Y55.CLK
  Clock network: Zegar_BUFGP
--------------------------------------------------------------------------------


All constraints were met.


Data Sheet report:
-----------------
All values displayed in nanoseconds (ns)

Clock to Setup on destination clock Zegar
---------------+---------+---------+---------+---------+
               | Src:Rise| Src:Fall| Src:Rise| Src:Fall|
Source Clock   |Dest:Rise|Dest:Rise|Dest:Fall|Dest:Fall|
---------------+---------+---------+---------+---------+
Zegar          |    8.535|         |         |         |
---------------+---------+---------+---------+---------+


Timing summary:
---------------

Timing errors: 0  Score: 0  (Setup/Max: 0, Hold: 0)

Constraints cover 2926 paths, 0 nets, and 1035 connections

Design statistics:
   Minimum period:   8.535ns{1}   (Maximum frequency: 117.165MHz)


------------------------------------Footnotes-----------------------------------
1)  The minimum period statistic assumes all single cycle delays.

Analysis completed Fri May 31 16:38:47 2019 
--------------------------------------------------------------------------------

Trace Settings:
-------------------------
Trace Settings 

Peak Memory Usage: 125 MB



